TN:
SF:apps\agents\whatsapp-bot\router.ts
FN:106,classifyIntent
FN:108,(anonymous_1)
FN:115,determineUrgency
FN:124,routeMessage
FN:181,(anonymous_4)
FN:190,(anonymous_5)
FN:240,(anonymous_6)
FN:291,(anonymous_7)
FN:311,(anonymous_8)
FN:318,(anonymous_9)
FNF:10
FNH:9
FNDA:42,classifyIntent
FNDA:270,(anonymous_1)
FNDA:16,determineUrgency
FNDA:20,routeMessage
FNDA:8,(anonymous_4)
FNDA:6,(anonymous_5)
FNDA:5,(anonymous_6)
FNDA:6,(anonymous_7)
FNDA:0,(anonymous_8)
FNDA:1,(anonymous_9)
DA:25,2
DA:26,2
DA:64,2
DA:66,2
DA:106,2
DA:107,42
DA:108,270
DA:109,39
DA:112,3
DA:115,2
DA:116,16
DA:117,14
DA:118,11
DA:119,10
DA:120,8
DA:121,1
DA:124,2
DA:126,20
DA:127,2
DA:136,18
DA:137,3
DA:146,15
DA:147,8
DA:156,7
DA:157,2
DA:166,5
DA:178,2
DA:182,8
DA:183,8
DA:191,6
DA:192,6
DA:194,6
DA:196,6
DA:199,6
DA:200,6
DA:201,6
DA:204,6
DA:205,6
DA:206,6
DA:208,6
DA:211,6
DA:214,6
DA:215,1
DA:216,1
DA:220,5
DA:223,4
DA:225,4
DA:226,4
DA:228,4
DA:230,1
DA:231,1
DA:233,1
DA:247,5
DA:248,5
DA:250,5
DA:252,5
DA:253,2
DA:258,2
DA:259,2
DA:263,5
DA:264,2
DA:269,2
DA:270,2
DA:275,5
DA:281,4
DA:282,4
DA:285,0
DA:298,6
DA:311,0
DA:319,1
DA:321,1
DA:335,2
DA:336,2
LF:73
LH:71
BRDA:108,0,0,39
BRDA:116,1,0,2
BRDA:117,2,0,3
BRDA:118,3,0,1
BRDA:119,4,0,2
BRDA:119,5,0,10
BRDA:119,5,1,9
BRDA:120,6,0,7
BRDA:126,7,0,2
BRDA:136,8,0,3
BRDA:136,9,0,18
BRDA:136,9,1,15
BRDA:146,10,0,8
BRDA:156,11,0,2
BRDA:214,12,0,1
BRDA:230,13,0,1
BRDA:230,13,1,0
BRDA:252,14,0,2
BRDA:258,15,0,2
BRDA:263,16,0,2
BRDA:269,17,0,2
BRDA:281,18,0,4
BRDA:302,19,0,6
BRDA:302,19,1,3
BRDA:308,20,0,0
BRDA:308,20,1,6
BRDA:311,21,0,6
BRDA:311,21,1,6
BRF:28
BRH:26
end_of_record
TN:
SF:packages\agents-core\src\base-agent.ts
FNF:0
FNH:0
DA:9,0
LF:1
LH:0
BRF:0
BRH:0
end_of_record
TN:
SF:packages\agents-core\src\index.ts
FNF:0
FNH:0
DA:1,1
DA:2,1
DA:3,1
DA:4,1
LF:4
LH:4
BRF:0
BRH:0
end_of_record
TN:
SF:packages\agents-core\src\learning-loop.ts
FN:57,recordExecution
FN:75,(anonymous_1)
FN:84,(anonymous_2)
FN:91,(anonymous_3)
FN:95,(anonymous_4)
FN:112,(anonymous_5)
FN:114,(anonymous_6)
FN:115,(anonymous_7)
FN:123,(anonymous_8)
FN:125,(anonymous_9)
FN:134,(anonymous_10)
FN:136,(anonymous_11)
FN:153,(anonymous_12)
FN:157,(anonymous_13)
FN:160,(anonymous_14)
FN:163,(anonymous_15)
FN:192,(anonymous_16)
FN:245,(anonymous_17)
FN:248,(anonymous_18)
FN:252,(anonymous_19)
FN:253,(anonymous_20)
FN:260,(anonymous_21)
FN:267,(anonymous_22)
FN:285,(anonymous_23)
FN:287,(anonymous_24)
FN:300,(anonymous_25)
FN:301,(anonymous_26)
FNF:27
FNH:5
FNDA:1,recordExecution
FNDA:7,(anonymous_1)
FNDA:2,(anonymous_2)
FNDA:0,(anonymous_3)
FNDA:0,(anonymous_4)
FNDA:0,(anonymous_5)
FNDA:0,(anonymous_6)
FNDA:0,(anonymous_7)
FNDA:0,(anonymous_8)
FNDA:0,(anonymous_9)
FNDA:0,(anonymous_10)
FNDA:0,(anonymous_11)
FNDA:0,(anonymous_12)
FNDA:0,(anonymous_13)
FNDA:0,(anonymous_14)
FNDA:0,(anonymous_15)
FNDA:0,(anonymous_16)
FNDA:3,(anonymous_17)
FNDA:0,(anonymous_18)
FNDA:0,(anonymous_19)
FNDA:0,(anonymous_20)
FNDA:2,(anonymous_21)
FNDA:0,(anonymous_22)
FNDA:0,(anonymous_23)
FNDA:0,(anonymous_24)
FNDA:0,(anonymous_25)
FNDA:0,(anonymous_26)
DA:17,2
DA:57,2
DA:58,1
DA:59,1
DA:71,2
DA:76,7
DA:77,7
DA:85,2
DA:86,2
DA:89,2
DA:90,2
DA:92,0
DA:93,0
DA:95,0
DA:98,2
DA:99,2
DA:100,2
DA:109,0
DA:112,0
DA:113,0
DA:114,0
DA:115,0
DA:117,0
DA:118,0
DA:123,0
DA:125,0
DA:132,0
DA:133,0
DA:134,0
DA:136,0
DA:138,0
DA:151,0
DA:152,0
DA:154,0
DA:155,0
DA:157,0
DA:159,0
DA:160,0
DA:161,0
DA:163,0
DA:164,0
DA:168,0
DA:169,0
DA:182,0
DA:183,0
DA:185,0
DA:186,0
DA:187,0
DA:188,0
DA:191,0
DA:192,0
DA:194,0
DA:195,0
DA:204,0
DA:209,0
DA:210,0
DA:218,0
DA:227,0
DA:233,0
DA:234,0
DA:239,0
DA:246,3
DA:247,3
DA:249,0
DA:250,0
DA:252,0
DA:253,0
DA:261,2
DA:263,2
DA:264,2
DA:267,0
DA:268,0
DA:271,0
DA:286,0
DA:287,0
DA:288,0
DA:289,0
DA:290,0
DA:292,0
DA:301,0
DA:302,0
DA:303,0
DA:304,0
DA:305,0
DA:314,2
DA:315,2
LF:86
LH:21
BRDA:61,0,0,1
BRDA:61,0,1,0
BRDA:76,1,0,7
BRDA:76,1,1,2
BRDA:77,2,0,7
BRDA:77,2,1,7
BRDA:93,3,0,0
BRDA:93,3,1,0
BRDA:95,4,0,0
BRDA:95,4,1,0
BRDA:98,5,0,2
BRDA:115,6,0,0
BRDA:115,6,1,0
BRDA:117,7,0,0
BRDA:132,8,0,0
BRDA:157,9,0,0
BRDA:157,9,1,0
BRDA:159,10,0,0
BRDA:168,11,0,0
BRDA:188,12,0,0
BRDA:192,13,0,0
BRDA:192,13,1,0
BRDA:194,14,0,0
BRDA:263,15,0,2
BRDA:285,16,0,0
BRDA:303,17,0,0
BRF:26
BRH:7
end_of_record
TN:
SF:packages\agents-core\src\orchestrator.ts
FN:23,(anonymous_0)
FN:35,(anonymous_1)
FN:64,(anonymous_2)
FN:72,(anonymous_3)
FN:83,(anonymous_4)
FN:92,(anonymous_5)
FN:173,(anonymous_6)
FNF:7
FNH:1
FNDA:1,(anonymous_0)
FNDA:0,(anonymous_1)
FNDA:0,(anonymous_2)
FNDA:0,(anonymous_3)
FNDA:0,(anonymous_4)
FNDA:0,(anonymous_5)
FNDA:0,(anonymous_6)
DA:1,1
DA:2,1
DA:3,1
DA:18,1
DA:19,1
DA:24,1
DA:25,1
DA:26,0
DA:28,1
DA:29,1
DA:41,0
DA:42,0
DA:45,0
DA:46,0
DA:51,0
DA:57,0
DA:58,0
DA:65,0
DA:66,0
DA:67,0
DA:70,0
DA:73,0
DA:84,0
DA:85,0
DA:97,0
DA:99,0
DA:100,0
DA:101,0
DA:109,0
DA:111,0
DA:114,0
DA:127,0
DA:137,0
DA:145,0
DA:154,0
DA:160,0
DA:161,0
DA:178,0
DA:181,0
DA:182,0
DA:185,0
DA:187,0
DA:188,0
DA:193,0
DA:194,0
DA:195,0
DA:199,0
LF:47
LH:9
BRDA:23,0,0,0
BRDA:24,1,0,1
BRDA:24,1,1,1
BRDA:25,2,0,0
BRDA:28,3,0,1
BRDA:28,3,1,1
BRDA:41,4,0,0
BRDA:45,5,0,0
BRDA:66,6,0,0
BRDA:74,7,0,0
BRDA:74,7,1,0
BRDA:83,8,0,0
BRDA:100,9,0,0
BRDA:131,10,0,0
BRDA:131,10,1,0
BRDA:165,11,0,0
BRDA:165,11,1,0
BRDA:181,12,0,0
BRDA:194,13,0,0
BRF:19
BRH:4
end_of_record
TN:
SF:packages\agents-core\src\registry.ts
FN:17,(anonymous_9)
FN:22,(anonymous_10)
FN:39,(anonymous_11)
FN:78,(anonymous_12)
FN:82,(anonymous_13)
FNF:5
FNH:3
FNDA:1,(anonymous_9)
FNDA:1,(anonymous_10)
FNDA:23,(anonymous_11)
FNDA:0,(anonymous_12)
FNDA:0,(anonymous_13)
DA:1,1
DA:2,1
DA:13,1
DA:15,1
DA:18,1
DA:19,1
DA:23,1
DA:24,1
DA:25,1
DA:26,31
DA:27,23
DA:28,23
DA:29,23
DA:30,23
DA:31,23
DA:35,0
DA:41,23
DA:42,23
DA:44,23
DA:45,23
DA:46,23
DA:47,23
DA:48,23
DA:50,23
DA:51,23
DA:52,23
DA:54,23
DA:55,23
DA:56,119
DA:57,119
DA:58,53
DA:59,53
DA:60,53
DA:61,51
DA:62,28
DA:63,26
DA:68,23
DA:79,0
DA:83,0
DA:87,1
LF:40
LH:37
BRDA:18,0,0,1
BRDA:18,0,1,1
BRDA:26,1,0,23
BRDA:50,2,0,23
BRDA:57,3,0,53
BRDA:60,4,0,2
BRDA:60,4,1,51
BRDA:61,5,0,23
BRDA:61,5,1,28
BRDA:62,6,0,2
BRDA:62,6,1,26
BRDA:63,7,0,2
BRDA:79,8,0,0
BRDA:79,8,1,0
BRF:14
BRH:12
end_of_record
TN:
SF:packages\agents-core\src\workflows.ts
FN:6,(anonymous_0)
FN:13,(anonymous_1)
FN:41,(anonymous_2)
FN:65,(anonymous_3)
FN:86,(anonymous_4)
FN:106,(anonymous_5)
FN:126,(anonymous_6)
FNF:7
FNH:0
FNDA:0,(anonymous_0)
FNDA:0,(anonymous_1)
FNDA:0,(anonymous_2)
FNDA:0,(anonymous_3)
FNDA:0,(anonymous_4)
FNDA:0,(anonymous_5)
FNDA:0,(anonymous_6)
DA:3,1
DA:7,0
DA:14,0
DA:42,0
DA:66,0
DA:87,0
DA:107,0
DA:127,0
LF:8
LH:1
BRF:0
BRH:0
end_of_record
TN:
SF:packages\agents\src\dsl-parser.ts
FNF:0
FNH:0
DA:1,0
LF:1
LH:0
BRF:0
BRH:0
end_of_record
TN:
SF:packages\agents\src\index.ts
FNF:0
FNH:0
DA:1,0
DA:2,0
DA:3,0
DA:4,0
DA:5,0
LF:5
LH:0
BRF:0
BRH:0
end_of_record
TN:
SF:packages\agents\src\pf-hooks-routes.ts
FN:75,usePFLeads
FN:93,(anonymous_1)
FN:108,(anonymous_2)
FN:109,(anonymous_3)
FN:112,(anonymous_4)
FN:118,(anonymous_5)
FN:125,(anonymous_6)
FN:141,(anonymous_7)
FN:141,(anonymous_8)
FN:143,(anonymous_9)
FN:148,(anonymous_10)
FN:153,(anonymous_11)
FN:164,(anonymous_12)
FN:174,(anonymous_13)
FN:205,usePFListings
FN:216,(anonymous_15)
FN:231,(anonymous_16)
FN:234,(anonymous_17)
FN:238,(anonymous_18)
FN:245,(anonymous_19)
FN:246,(anonymous_20)
FN:254,(anonymous_21)
FN:255,(anonymous_22)
FN:256,(anonymous_23)
FNF:24
FNH:0
FNDA:0,usePFLeads
FNDA:0,(anonymous_1)
FNDA:0,(anonymous_2)
FNDA:0,(anonymous_3)
FNDA:0,(anonymous_4)
FNDA:0,(anonymous_5)
FNDA:0,(anonymous_6)
FNDA:0,(anonymous_7)
FNDA:0,(anonymous_8)
FNDA:0,(anonymous_9)
FNDA:0,(anonymous_10)
FNDA:0,(anonymous_11)
FNDA:0,(anonymous_12)
FNDA:0,(anonymous_13)
FNDA:0,usePFListings
FNDA:0,(anonymous_15)
FNDA:0,(anonymous_16)
FNDA:0,(anonymous_17)
FNDA:0,(anonymous_18)
FNDA:0,(anonymous_19)
FNDA:0,(anonymous_20)
FNDA:0,(anonymous_21)
FNDA:0,(anonymous_22)
FNDA:0,(anonymous_23)
DA:1,0
DA:2,0
DA:17,0
DA:65,0
DA:75,0
DA:86,0
DA:88,0
DA:89,0
DA:90,0
DA:91,0
DA:93,0
DA:94,0
DA:96,0
DA:97,0
DA:100,0
DA:101,0
DA:104,0
DA:106,0
DA:109,0
DA:111,0
DA:112,0
DA:115,0
DA:116,0
DA:119,0
DA:120,0
DA:125,0
DA:126,0
DA:128,0
DA:129,0
DA:132,0
DA:133,0
DA:134,0
DA:135,0
DA:138,0
DA:141,0
DA:143,0
DA:144,0
DA:145,0
DA:148,0
DA:149,0
DA:152,0
DA:154,0
DA:163,0
DA:165,0
DA:173,0
DA:175,0
DA:183,0
DA:205,0
DA:210,0
DA:211,0
DA:212,0
DA:213,0
DA:214,0
DA:216,0
DA:217,0
DA:219,0
DA:220,0
DA:223,0
DA:224,0
DA:227,0
DA:229,0
DA:232,0
DA:234,0
DA:235,0
DA:236,0
DA:239,0
DA:240,0
DA:245,0
DA:246,0
DA:248,0
DA:254,0
DA:255,0
DA:256,0
DA:261,0
DA:296,0
LF:75
LH:0
BRDA:75,0,0,0
BRDA:82,1,0,0
BRDA:83,2,0,0
BRDA:85,3,0,0
BRDA:96,4,0,0
BRDA:100,5,0,0
BRDA:111,6,0,0
BRDA:112,7,0,0
BRDA:112,7,1,0
BRDA:133,8,0,0
BRDA:133,8,1,0
BRDA:141,9,0,0
BRDA:141,9,1,0
BRDA:144,10,0,0
BRDA:205,11,0,0
BRDA:210,12,0,0
BRDA:210,13,0,0
BRDA:219,14,0,0
BRDA:223,15,0,0
BRF:19
BRH:0
end_of_record
TN:
SF:packages\agents\src\property-finder.ts
FNF:0
FNH:0
DA:1,0
LF:1
LH:0
BRF:0
BRH:0
end_of_record
TN:
SF:packages\agents\src\view-configs.ts
FNF:0
FNH:0
DA:1,0
LF:1
LH:0
BRF:0
BRH:0
end_of_record
TN:
SF:packages\agents\src\hooks\use-dsl-view.ts
FN:47,useDSLView
FN:60,(anonymous_1)
FN:61,(anonymous_2)
FN:61,(anonymous_3)
FN:63,(anonymous_4)
FN:80,(anonymous_5)
FN:81,(anonymous_6)
FN:84,(anonymous_7)
FN:97,(anonymous_8)
FN:101,(anonymous_9)
FN:101,(anonymous_10)
FN:103,(anonymous_11)
FN:121,(anonymous_12)
FN:130,(anonymous_13)
FN:130,(anonymous_14)
FNF:15
FNH:0
FNDA:0,useDSLView
FNDA:0,(anonymous_1)
FNDA:0,(anonymous_2)
FNDA:0,(anonymous_3)
FNDA:0,(anonymous_4)
FNDA:0,(anonymous_5)
FNDA:0,(anonymous_6)
FNDA:0,(anonymous_7)
FNDA:0,(anonymous_8)
FNDA:0,(anonymous_9)
FNDA:0,(anonymous_10)
FNDA:0,(anonymous_11)
FNDA:0,(anonymous_12)
FNDA:0,(anonymous_13)
FNDA:0,(anonymous_14)
DA:1,0
DA:2,0
DA:4,0
DA:47,0
DA:53,0
DA:55,0
DA:56,0
DA:57,0
DA:58,0
DA:60,0
DA:61,0
DA:63,0
DA:64,0
DA:65,0
DA:66,0
DA:69,0
DA:70,0
DA:74,0
DA:75,0
DA:76,0
DA:78,0
DA:81,0
DA:82,0
DA:85,0
DA:86,0
DA:87,0
DA:91,0
DA:92,0
DA:93,0
DA:94,0
DA:97,0
DA:100,0
DA:101,0
DA:102,0
DA:103,0
DA:104,0
DA:105,0
DA:106,0
DA:108,0
DA:111,0
DA:121,0
DA:122,0
DA:123,0
DA:126,0
DA:129,0
DA:130,0
DA:134,0
LF:47
LH:0
BRDA:47,0,0,0
BRDA:49,1,0,0
BRDA:50,2,0,0
BRDA:51,3,0,0
BRDA:52,4,0,0
BRDA:64,5,0,0
BRDA:91,6,0,0
BRDA:91,6,1,0
BRDA:104,7,0,0
BRDA:104,7,1,0
BRDA:105,8,0,0
BRDA:105,8,1,0
BRDA:105,8,2,0
BRDA:122,9,0,0
BRF:14
BRH:0
end_of_record
TN:
SF:packages\memory-engine\src\index.ts
FN:8,(anonymous_0)
FN:8,(anonymous_1)
FN:10,(anonymous_2)
FN:10,(anonymous_3)
FN:10,(anonymous_4)
FNF:5
FNH:2
FNDA:0,(anonymous_0)
FNDA:0,(anonymous_1)
FNDA:6,(anonymous_2)
FNDA:0,(anonymous_3)
FNDA:6,(anonymous_4)
DA:8,2
DA:10,8
LF:2
LH:2
BRF:0
BRH:0
end_of_record
TN:
SF:packages\memory-engine\src\memory-engine.ts
FN:27,(anonymous_0)
FN:35,(anonymous_1)
FN:39,(anonymous_2)
FN:45,(anonymous_3)
FN:46,(anonymous_4)
FN:53,(anonymous_5)
FN:57,(anonymous_6)
FN:61,(anonymous_7)
FN:62,(anonymous_8)
FN:72,(anonymous_9)
FN:80,(anonymous_10)
FN:89,(anonymous_11)
FN:92,(anonymous_12)
FN:102,(anonymous_13)
FN:109,(anonymous_14)
FN:118,(anonymous_15)
FN:125,(anonymous_16)
FN:154,(anonymous_17)
FN:159,(anonymous_18)
FN:167,(anonymous_19)
FN:182,(anonymous_20)
FNF:21
FNH:1
FNDA:2,(anonymous_0)
FNDA:0,(anonymous_1)
FNDA:0,(anonymous_2)
FNDA:0,(anonymous_3)
FNDA:0,(anonymous_4)
FNDA:0,(anonymous_5)
FNDA:0,(anonymous_6)
FNDA:0,(anonymous_7)
FNDA:0,(anonymous_8)
FNDA:0,(anonymous_9)
FNDA:0,(anonymous_10)
FNDA:0,(anonymous_11)
FNDA:0,(anonymous_12)
FNDA:0,(anonymous_13)
FNDA:0,(anonymous_14)
FNDA:0,(anonymous_15)
FNDA:0,(anonymous_16)
FNDA:0,(anonymous_17)
FNDA:0,(anonymous_18)
FNDA:0,(anonymous_19)
FNDA:0,(anonymous_20)
DA:14,2
DA:15,2
DA:16,2
DA:17,2
DA:18,2
DA:19,2
DA:21,2
DA:28,2
DA:36,0
DA:40,0
DA:41,0
DA:42,0
DA:46,0
DA:54,0
DA:58,0
DA:62,0
DA:63,0
DA:64,0
DA:73,0
DA:74,0
DA:75,0
DA:77,0
DA:81,0
DA:82,0
DA:90,0
DA:91,0
DA:92,0
DA:93,0
DA:94,0
DA:96,0
DA:103,0
DA:104,0
DA:106,0
DA:109,0
DA:110,0
DA:119,0
DA:120,0
DA:123,0
DA:125,0
DA:126,0
DA:127,0
DA:135,0
DA:136,0
DA:137,0
DA:139,0
DA:140,0
DA:141,0
DA:144,0
DA:147,0
DA:155,0
DA:156,0
DA:160,0
DA:168,0
DA:183,0
DA:184,0
DA:185,0
DA:186,0
DA:187,0
DA:192,2
DA:198,2
LF:60
LH:10
BRDA:27,0,0,0
BRDA:40,1,0,0
BRDA:40,1,1,0
BRDA:63,2,0,0
BRDA:74,3,0,0
BRDA:81,4,0,0
BRDA:81,4,1,0
BRDA:91,5,0,0
BRDA:103,6,0,0
BRDA:119,7,0,0
BRDA:119,8,0,0
BRDA:119,8,1,0
BRDA:127,9,0,0
BRDA:127,9,1,0
BRDA:136,10,0,0
BRDA:140,11,0,0
BRDA:193,12,0,2
BRDA:193,12,1,2
BRF:18
BRH:2
end_of_record
TN:
SF:packages\memory-engine\src\shared-memory-bus.ts
FN:53,(anonymous_0)
FN:60,(anonymous_1)
FN:76,(anonymous_2)
FN:86,(anonymous_3)
FN:102,(anonymous_4)
FN:107,(anonymous_5)
FN:112,(anonymous_6)
FN:115,(anonymous_7)
FN:119,(anonymous_8)
FN:127,(anonymous_9)
FN:142,(anonymous_10)
FN:150,(anonymous_11)
FN:155,(anonymous_12)
FN:164,(anonymous_13)
FN:169,(anonymous_14)
FN:178,(anonymous_15)
FN:183,(anonymous_16)
FN:186,(anonymous_17)
FN:187,(anonymous_18)
FN:193,(anonymous_19)
FN:202,(anonymous_20)
FN:205,(anonymous_21)
FN:206,(anonymous_22)
FN:220,getSharedMemory
FNF:24
FNH:22
FNDA:23,(anonymous_0)
FNDA:25,(anonymous_1)
FNDA:1,(anonymous_2)
FNDA:8,(anonymous_3)
FNDA:11,(anonymous_4)
FNDA:1,(anonymous_5)
FNDA:3,(anonymous_6)
FNDA:7,(anonymous_7)
FNDA:5,(anonymous_8)
FNDA:5,(anonymous_9)
FNDA:1,(anonymous_10)
FNDA:2,(anonymous_11)
FNDA:0,(anonymous_12)
FNDA:1,(anonymous_13)
FNDA:1,(anonymous_14)
FNDA:2,(anonymous_15)
FNDA:1,(anonymous_16)
FNDA:27,(anonymous_17)
FNDA:2,(anonymous_18)
FNDA:0,(anonymous_19)
FNDA:1,(anonymous_20)
FNDA:3,(anonymous_21)
FNDA:6,(anonymous_22)
FNDA:3,getSharedMemory
DA:11,3
DA:48,3
DA:50,23
DA:51,23
DA:54,23
DA:55,23
DA:61,25
DA:62,25
DA:70,25
DA:73,25
DA:74,2
DA:75,2
DA:76,2
DA:77,2
DA:80,25
DA:81,25
DA:87,8
DA:88,8
DA:89,4
DA:91,4
DA:92,1
DA:93,0
DA:94,0
DA:97,4
DA:103,11
DA:108,1
DA:113,3
DA:114,3
DA:116,7
DA:117,7
DA:120,5
DA:121,5
DA:133,5
DA:134,5
DA:143,1
DA:151,2
DA:156,0
DA:165,1
DA:166,1
DA:170,1
DA:171,1
DA:172,1
DA:173,1
DA:179,2
DA:180,2
DA:182,2
DA:183,2
DA:187,27
DA:188,2
DA:189,0
DA:193,27
DA:194,0
DA:195,0
DA:203,1
DA:204,1
DA:205,1
DA:206,6
DA:207,3
DA:209,1
DA:218,3
DA:220,3
DA:221,3
DA:222,3
DA:224,3
DA:227,3
DA:228,3
LF:66
LH:60
BRDA:61,0,0,25
BRDA:61,0,1,13
BRDA:65,1,0,2
BRDA:65,1,1,23
BRDA:73,2,0,2
BRDA:75,3,0,0
BRDA:88,4,0,4
BRDA:91,5,0,1
BRDA:92,6,0,0
BRDA:97,7,0,4
BRDA:97,7,1,0
BRDA:155,8,0,0
BRDA:179,9,0,2
BRDA:207,10,0,3
BRDA:207,11,0,3
BRDA:207,11,1,2
BRDA:221,12,0,3
BRF:17
BRH:13
end_of_record
TN:
SF:packages\obedian\src\index.ts
FN:15,(anonymous_9)
FN:20,(anonymous_10)
FN:32,(anonymous_11)
FN:43,(anonymous_12)
FN:51,(anonymous_13)
FN:71,(anonymous_14)
FN:77,(anonymous_15)
FN:78,(anonymous_16)
FN:85,(anonymous_17)
FN:92,(anonymous_18)
FN:103,(anonymous_19)
FN:116,(anonymous_20)
FN:124,(anonymous_21)
FNF:13
FNH:10
FNDA:26,(anonymous_9)
FNDA:47,(anonymous_10)
FNDA:27,(anonymous_11)
FNDA:8,(anonymous_12)
FNDA:25,(anonymous_13)
FNDA:11,(anonymous_14)
FNDA:15,(anonymous_15)
FNDA:15,(anonymous_16)
FNDA:0,(anonymous_17)
FNDA:0,(anonymous_18)
FNDA:2,(anonymous_19)
FNDA:1,(anonymous_20)
FNDA:0,(anonymous_21)
DA:1,3
DA:2,3
DA:12,3
DA:17,26
DA:21,47
DA:22,47
DA:23,25
DA:24,25
DA:27,0
DA:29,22
DA:33,27
DA:34,27
DA:36,0
DA:44,8
DA:45,8
DA:52,25
DA:53,25
DA:55,25
DA:63,25
DA:64,25
DA:65,25
DA:72,11
DA:73,11
DA:76,11
DA:77,11
DA:78,15
DA:83,11
DA:84,0
DA:85,0
DA:86,0
DA:89,0
DA:92,0
DA:97,11
DA:104,2
DA:105,2
DA:106,2
DA:107,2
DA:108,2
DA:110,0
DA:117,1
DA:118,1
DA:125,0
DA:130,3
LF:43
LH:34
BRDA:17,0,0,26
BRDA:17,0,1,6
BRDA:22,1,0,25
BRDA:45,2,0,8
BRDA:45,2,1,4
BRDA:51,3,0,0
BRDA:59,4,0,25
BRDA:59,4,1,24
BRDA:71,5,0,0
BRDA:76,6,0,11
BRDA:83,7,0,0
BRDA:86,8,0,0
BRDA:86,8,1,0
BRDA:90,9,0,0
BRDA:90,9,1,0
BRDA:90,9,2,0
BRDA:105,10,0,2
BRF:17
BRH:9
end_of_record
TN:
SF:packages\property-finder-api\src\index.ts
FN:9,getAuthToken
FN:14,listProperties
FN:23,getProperty
FN:31,createListing
FN:39,updateListing
FN:47,deleteListing
FN:55,setFeatured
FNF:7
FNH:0
FNDA:0,getAuthToken
FNDA:0,listProperties
FNDA:0,getProperty
FNDA:0,createListing
FNDA:0,updateListing
FNDA:0,deleteListing
FNDA:0,setFeatured
DA:1,0
DA:3,0
DA:4,0
DA:5,0
DA:6,0
DA:11,0
DA:14,0
DA:15,0
DA:16,0
DA:20,0
DA:23,0
DA:24,0
DA:25,0
DA:28,0
DA:31,0
DA:32,0
DA:33,0
DA:36,0
DA:39,0
DA:40,0
DA:41,0
DA:44,0
DA:47,0
DA:48,0
DA:49,0
DA:52,0
DA:55,0
DA:56,0
DA:57,0
DA:60,0
LF:30
LH:0
BRDA:3,0,0,0
BRDA:3,0,1,0
BRDA:4,1,0,0
BRDA:4,1,1,0
BRDA:5,2,0,0
BRDA:5,2,1,0
BRDA:6,3,0,0
BRDA:6,3,1,0
BRDA:14,4,0,0
BRF:9
BRH:0
end_of_record
TN:
SF:packages\ui\src\index.ts
FN:1,(anonymous_5)
FN:2,(anonymous_6)
FN:3,(anonymous_7)
FN:5,(anonymous_8)
FN:8,(anonymous_9)
FN:9,(anonymous_10)
FN:10,(anonymous_11)
FN:12,(anonymous_12)
FNF:8
FNH:0
FNDA:0,(anonymous_5)
FNDA:0,(anonymous_6)
FNDA:0,(anonymous_7)
FNDA:0,(anonymous_8)
FNDA:0,(anonymous_9)
FNDA:0,(anonymous_10)
FNDA:0,(anonymous_11)
FNDA:0,(anonymous_12)
DA:1,0
DA:2,0
DA:3,0
DA:4,0
DA:5,0
DA:6,0
DA:7,0
DA:8,0
DA:9,0
DA:10,0
DA:11,0
DA:12,0
LF:12
LH:0
BRF:0
BRH:0
end_of_record
